                           algo_volatility  algorithm_period_return alpha  \
2014-01-30 21:00:00+00:00              NaN                 0.000000  None   
2014-01-31 21:00:00+00:00         0.000000                 0.000000  None   
2014-02-03 21:00:00+00:00         0.000000                 0.000000  None   
2014-02-04 21:00:00+00:00         0.000000                 0.000000  None   
2014-02-05 21:00:00+00:00         0.000107                -0.000015  None   
2014-02-06 21:00:00+00:00         0.003792                 0.000567  None   
2014-02-07 21:00:00+00:00         0.004510                 0.001143  None   

                           benchmark_period_return benchmark_volatility  beta  \
2014-01-30 21:00:00+00:00                      0.0                 None  None   
2014-01-31 21:00:00+00:00                      0.0                 None  None   
2014-02-03 21:00:00+00:00                      0.0                 None  None   
2014-02-04 21:00:00+00:00                      0.0                 None  None   
2014-02-05 21:00:00+00:00                      0.0                 None  None   
2014-02-06 21:00:00+00:00                      0.0                 None  None   
2014-02-07 21:00:00+00:00                      0.0                 None  None   

                           capital_used   ending_cash  ending_exposure  \
2014-01-30 21:00:00+00:00  0.000000e+00  1.000000e+07            0.000   
2014-01-31 21:00:00+00:00  0.000000e+00  1.000000e+07            0.000   
2014-02-03 21:00:00+00:00  0.000000e+00  1.000000e+07            0.000   
2014-02-04 21:00:00+00:00  0.000000e+00  1.000000e+07            0.000   
2014-02-05 21:00:00+00:00  1.274108e+06  1.127411e+07     -1274259.310   
2014-02-06 21:00:00+00:00  1.026142e+06  1.230025e+07     -2294582.652   
2014-02-07 21:00:00+00:00  1.257846e+06  1.355810e+07     -3546662.264   

                           ending_value          ...            \
2014-01-30 21:00:00+00:00         0.000          ...             
2014-01-31 21:00:00+00:00         0.000          ...             
2014-02-03 21:00:00+00:00         0.000          ...             
2014-02-04 21:00:00+00:00         0.000          ...             
2014-02-05 21:00:00+00:00  -1274259.310          ...             
2014-02-06 21:00:00+00:00  -2294582.652          ...             
2014-02-07 21:00:00+00:00  -3546662.264          ...             

                           short_exposure  short_value  shorts_count  \
2014-01-30 21:00:00+00:00           0.000        0.000             0   
2014-01-31 21:00:00+00:00           0.000        0.000             0   
2014-02-03 21:00:00+00:00           0.000        0.000             0   
2014-02-04 21:00:00+00:00           0.000        0.000             0   
2014-02-05 21:00:00+00:00    -1274259.310 -1274259.310             1   
2014-02-06 21:00:00+00:00    -2294582.652 -2294582.652             1   
2014-02-07 21:00:00+00:00    -3546662.264 -3546662.264             1   

                              sortino  starting_cash  starting_exposure  \
2014-01-30 21:00:00+00:00         NaN   1.000000e+07              0.000   
2014-01-31 21:00:00+00:00         NaN   1.000000e+07              0.000   
2014-02-03 21:00:00+00:00         NaN   1.000000e+07              0.000   
2014-02-04 21:00:00+00:00         NaN   1.000000e+07              0.000   
2014-02-05 21:00:00+00:00   -7.099296   1.000000e+07              0.000   
2014-02-06 21:00:00+00:00  243.383183   1.127411e+07       -1274259.310   
2014-02-07 21:00:00+00:00  454.421983   1.230025e+07       -2294582.652   

                           starting_value  trading_days  \
2014-01-30 21:00:00+00:00           0.000             1   
2014-01-31 21:00:00+00:00           0.000             2   
2014-02-03 21:00:00+00:00           0.000             3   
2014-02-04 21:00:00+00:00           0.000             4   
2014-02-05 21:00:00+00:00           0.000             5   
2014-02-06 21:00:00+00:00    -1274259.310             6   
2014-02-07 21:00:00+00:00    -2294582.652             7   

                                                                transactions  \
2014-01-30 21:00:00+00:00                                                 []   
2014-01-31 21:00:00+00:00                                                 []   
2014-02-03 21:00:00+00:00                                                 []   
2014-02-04 21:00:00+00:00                                                 []   
2014-02-05 21:00:00+00:00  [{u'commission': None, u'amount': -9505, u'sid...   
2014-02-06 21:00:00+00:00  [{u'commission': None, u'amount': -7691, u'sid...   
2014-02-07 21:00:00+00:00  [{u'commission': None, u'amount': -9452, u'sid...   

                          treasury_period_return  
2014-01-30 21:00:00+00:00                 0.0272  
2014-01-31 21:00:00+00:00                 0.0267  
2014-02-03 21:00:00+00:00                 0.0261  
2014-02-04 21:00:00+00:00                 0.0264  
2014-02-05 21:00:00+00:00                 0.0270  
2014-02-06 21:00:00+00:00                 0.0273  
2014-02-07 21:00:00+00:00                 0.0271  

[7 rows x 37 columns]
                           algo_volatility  algorithm_period_return alpha  \
2014-01-30 21:00:00+00:00              NaN                 0.000000  None   
2014-01-31 21:00:00+00:00         0.000000                 0.000000  None   
2014-02-03 21:00:00+00:00         0.000000                 0.000000  None   
2014-02-04 21:00:00+00:00         0.000000                 0.000000  None   
2014-02-05 21:00:00+00:00         0.000107                -0.000015  None   
2014-02-06 21:00:00+00:00         0.003792                 0.000567  None   
2014-02-07 21:00:00+00:00         0.004510                 0.001143  None   

                           benchmark_period_return benchmark_volatility  beta  \
2014-01-30 21:00:00+00:00                      0.0                 None  None   
2014-01-31 21:00:00+00:00                      0.0                 None  None   
2014-02-03 21:00:00+00:00                      0.0                 None  None   
2014-02-04 21:00:00+00:00                      0.0                 None  None   
2014-02-05 21:00:00+00:00                      0.0                 None  None   
2014-02-06 21:00:00+00:00                      0.0                 None  None   
2014-02-07 21:00:00+00:00                      0.0                 None  None   

                           capital_used   ending_cash  ending_exposure  \
2014-01-30 21:00:00+00:00  0.000000e+00  1.000000e+07            0.000   
2014-01-31 21:00:00+00:00  0.000000e+00  1.000000e+07            0.000   
2014-02-03 21:00:00+00:00  0.000000e+00  1.000000e+07            0.000   
2014-02-04 21:00:00+00:00  0.000000e+00  1.000000e+07            0.000   
2014-02-05 21:00:00+00:00  1.274108e+06  1.127411e+07     -1274259.310   
2014-02-06 21:00:00+00:00  1.026142e+06  1.230025e+07     -2294582.652   
2014-02-07 21:00:00+00:00  1.257846e+06  1.355810e+07     -3546662.264   

                           ending_value          ...            \
2014-01-30 21:00:00+00:00         0.000          ...             
2014-01-31 21:00:00+00:00         0.000          ...             
2014-02-03 21:00:00+00:00         0.000          ...             
2014-02-04 21:00:00+00:00         0.000          ...             
2014-02-05 21:00:00+00:00  -1274259.310          ...             
2014-02-06 21:00:00+00:00  -2294582.652          ...             
2014-02-07 21:00:00+00:00  -3546662.264          ...             

                           short_exposure  short_value  shorts_count  \
2014-01-30 21:00:00+00:00           0.000        0.000             0   
2014-01-31 21:00:00+00:00           0.000        0.000             0   
2014-02-03 21:00:00+00:00           0.000        0.000             0   
2014-02-04 21:00:00+00:00           0.000        0.000             0   
2014-02-05 21:00:00+00:00    -1274259.310 -1274259.310             1   
2014-02-06 21:00:00+00:00    -2294582.652 -2294582.652             1   
2014-02-07 21:00:00+00:00    -3546662.264 -3546662.264             1   

                              sortino  starting_cash  starting_exposure  \
2014-01-30 21:00:00+00:00         NaN   1.000000e+07              0.000   
2014-01-31 21:00:00+00:00         NaN   1.000000e+07              0.000   
2014-02-03 21:00:00+00:00         NaN   1.000000e+07              0.000   
2014-02-04 21:00:00+00:00         NaN   1.000000e+07              0.000   
2014-02-05 21:00:00+00:00   -7.099296   1.000000e+07              0.000   
2014-02-06 21:00:00+00:00  243.383183   1.127411e+07       -1274259.310   
2014-02-07 21:00:00+00:00  454.421983   1.230025e+07       -2294582.652   

                           starting_value  trading_days  \
2014-01-30 21:00:00+00:00           0.000             1   
2014-01-31 21:00:00+00:00           0.000             2   
2014-02-03 21:00:00+00:00           0.000             3   
2014-02-04 21:00:00+00:00           0.000             4   
2014-02-05 21:00:00+00:00           0.000             5   
2014-02-06 21:00:00+00:00    -1274259.310             6   
2014-02-07 21:00:00+00:00    -2294582.652             7   

                                                                transactions  \
2014-01-30 21:00:00+00:00                                                 []   
2014-01-31 21:00:00+00:00                                                 []   
2014-02-03 21:00:00+00:00                                                 []   
2014-02-04 21:00:00+00:00                                                 []   
2014-02-05 21:00:00+00:00  [{u'commission': None, u'amount': -9505, u'sid...   
2014-02-06 21:00:00+00:00  [{u'commission': None, u'amount': -7691, u'sid...   
2014-02-07 21:00:00+00:00  [{u'commission': None, u'amount': -9452, u'sid...   

                          treasury_period_return  
2014-01-30 21:00:00+00:00                 0.0272  
2014-01-31 21:00:00+00:00                 0.0267  
2014-02-03 21:00:00+00:00                 0.0261  
2014-02-04 21:00:00+00:00                 0.0264  
2014-02-05 21:00:00+00:00                 0.0270  
2014-02-06 21:00:00+00:00                 0.0273  
2014-02-07 21:00:00+00:00                 0.0271  

[7 rows x 37 columns]
